<?xml version="1.0" encoding="UTF-8"?>
<testng-results ignored="0" total="3" passed="3" failed="0" skipped="0">
  <reporter-output>
  </reporter-output>
  <suite started-at="2025-08-11T00:22:01 IST" name="Suite" finished-at="2025-08-11T00:22:01 IST" duration-ms="77">
    <groups>
    </groups>
    <test started-at="2025-08-11T00:22:01 IST" name="Test" finished-at="2025-08-11T00:22:01 IST" duration-ms="77">
      <class name="Demo_testng.SampleTestng">
        <test-method signature="sample()[pri:0, instance:Demo_testng.SampleTestng@3d285d7e]" started-at="2025-08-11T00:22:01 IST" name="sample" finished-at="2025-08-11T00:22:01 IST" duration-ms="3" status="PASS">
          <reporter-output>
          </reporter-output>
        </test-method> <!-- sample -->
      </class> <!-- Demo_testng.SampleTestng -->
      <class name="Demo_testng.SampleTestngTest">
        <test-method signature="sampleTest()[pri:0, instance:Demo_testng.SampleTestngTest@40005471]" started-at="2025-08-11T00:22:01 IST" name="sampleTest" finished-at="2025-08-11T00:22:01 IST" duration-ms="1" status="PASS">
          <reporter-output>
          </reporter-output>
        </test-method> <!-- sampleTest -->
      </class> <!-- Demo_testng.SampleTestngTest -->
      <class name="Demo_testng.Demo">
        <test-method signature="DemoClass()[pri:0, instance:Demo_testng.Demo@3bf7ca37]" started-at="2025-08-11T00:22:01 IST" name="DemoClass" finished-at="2025-08-11T00:22:01 IST" duration-ms="11" status="PASS">
          <reporter-output>
          </reporter-output>
        </test-method> <!-- DemoClass -->
      </class> <!-- Demo_testng.Demo -->
    </test> <!-- Test -->
  </suite> <!-- Suite -->
</testng-results>
