<?xml version="1.0" encoding="UTF-8"?>
<!-- Generated by org.testng.reporters.JUnitXMLReporter -->
<testsuite ignored="0" hostname="LAPTOP-LQ6GVMLE" failures="0" tests="3" name="Test" time="0.077" errors="0" timestamp="2025-08-11T00:22:01 IST">
  <testcase classname="Demo_testng.Demo" name="DemoClass" time="0.011"/>
  <testcase classname="Demo_testng.SampleTestng" name="sample" time="0.003"/>
  <testcase classname="Demo_testng.SampleTestngTest" name="sampleTest" time="0.001"/>
</testsuite> <!-- Test -->
