<?xml version="1.0" encoding="UTF-8"?>
<!-- Generated by org.testng.reporters.JUnitXMLReporter -->
<testsuite ignored="3" hostname="LAPTOP-LQ6GVMLE" failures="0" tests="3" name="Test" time="0.089" errors="0" timestamp="2025-08-12T22:48:28 IST">
  <testcase classname="TestngDemo.Demo" name="TestDemo" time="0.01"/>
  <testcase classname="TestngDemo.Demo1" name="testPractice" time="0.003"/>
  <testcase classname="TestngDemo.CarDemo" name="CarLoanMobile" time="0.002"/>
  <testcase classname="TestngDemo.Demo1" name="demo1" time="0.0">
    <ignored/>
  </testcase> <!-- demo1 -->
  <testcase classname="TestngDemo.CarDemo" name="CarLaonLogin" time="0.0">
    <ignored/>
  </testcase> <!-- CarLaonLogin -->
  <testcase classname="TestngDemo.CarDemo" name="CarLoanDemo" time="0.0">
    <ignored/>
  </testcase> <!-- CarLoanDemo -->
</testsuite> <!-- Test -->
